<?xml version="1.0" encoding="UTF-8"?>
<!-- Generated by org.testng.reporters.JUnitReportReporter -->
<testsuite hostname="DESKTOP-QNHJ5Q7" name="takesScreenshot.captureScreenshot" tests="1" failures="0" timestamp="12 Oct 2023 04:46:31 GMT" time="7.689" errors="0">
  <testcase name="verifyAmazonHomePage" time="7.689" classname="takesScreenshot.captureScreenshot"/>
</testsuite> <!-- takesScreenshot.captureScreenshot -->
