<?xml version="1.0" encoding="UTF-8"?>
<!-- Generated by org.testng.reporters.JUnitReportReporter -->
<testsuite hostname="DESKTOP-QNHJ5Q7" name="takesScreenshot.captureScreenshotmethod" tests="1" failures="0" timestamp="12 Oct 2023 04:52:02 GMT" time="8.201" errors="0">
  <testcase name="verifyAmazonHomePage" time="8.201" classname="takesScreenshot.captureScreenshotmethod"/>
</testsuite> <!-- takesScreenshot.captureScreenshotmethod -->
