<?xml version="1.0" encoding="UTF-8"?>
<!-- Generated by org.testng.reporters.JUnitReportReporter -->
<testsuite hostname="DESKTOP-QNHJ5Q7" name="dataDriverTest.multipleData" tests="4" failures="0" timestamp="11 Oct 2023 04:48:05 GMT" time="38.846" errors="0">
  <testcase name="testingdataparameter" time="9.683" classname="dataDriverTest.multipleData"/>
  <testcase name="testingdataparameter" time="9.675" classname="dataDriverTest.multipleData"/>
  <testcase name="testingdataparameter" time="9.798" classname="dataDriverTest.multipleData"/>
  <testcase name="testingdataparameter" time="9.690" classname="dataDriverTest.multipleData"/>
</testsuite> <!-- dataDriverTest.multipleData -->
