<?xml version="1.0" encoding="UTF-8"?>
<!-- Generated by org.testng.reporters.JUnitReportReporter -->
<testsuite hostname="DESKTOP-QNHJ5Q7" name="test.orangeHRM" tests="1" failures="0" timestamp="20 Oct 2023 04:10:59 GMT" time="13.510" errors="0">
  <testcase name="verifyLoginfeature" time="13.510" classname="test.orangeHRM"/>
</testsuite> <!-- test.orangeHRM -->
