<?xml version="1.0" encoding="UTF-8"?>
<!-- Generated by org.testng.reporters.JUnitReportReporter -->
<testsuite hostname="DESKTOP-QNHJ5Q7" name="CrossBrowserTest.Testing" tests="4" failures="0" timestamp="11 Oct 2023 03:26:22 GMT" time="2.679" errors="0">
  <testcase name="testingweb" time="0.191" classname="CrossBrowserTest.Testing"/>
  <testcase name="testingweb" time="0.094" classname="CrossBrowserTest.Testing"/>
  <testcase name="testingweb" time="1.979" classname="CrossBrowserTest.Testing"/>
  <testcase name="testingweb" time="0.415" classname="CrossBrowserTest.Testing"/>
</testsuite> <!-- CrossBrowserTest.Testing -->
