<?xml version="1.0" encoding="UTF-8"?>
<!-- Generated by org.testng.reporters.JUnitReportReporter -->
<testsuite hostname="DESKTOP-QNHJ5Q7" name="ControlsInTestNG.WorkflowPriority" tests="7" failures="0" timestamp="10 Oct 2023 04:34:04 GMT" time="0.047" errors="0">
  <testcase name="payment" time="0.000" classname="ControlsInTestNG.WorkflowPriority"/>
  <testcase name="testcase1" time="0.000" classname="ControlsInTestNG.WorkflowPriority"/>
  <testcase name="testcase2" time="0.000" classname="ControlsInTestNG.WorkflowPriority"/>
  <testcase name="cancelOrder" time="0.000" classname="ControlsInTestNG.WorkflowPriority"/>
  <testcase name="addItem" time="0.016" classname="ControlsInTestNG.WorkflowPriority"/>
  <testcase name="logout" time="0.000" classname="ControlsInTestNG.WorkflowPriority"/>
  <testcase name="login" time="0.031" classname="ControlsInTestNG.WorkflowPriority"/>
</testsuite> <!-- ControlsInTestNG.WorkflowPriority -->
