<?xml version="1.0" encoding="UTF-8"?>
<!-- Generated by org.testng.reporters.JUnitReportReporter -->
<testsuite hostname="DESKTOP-QNHJ5Q7" name="TestNGAnnotatations.Sequence" tests="3" failures="0" timestamp="11 Oct 2023 03:48:22 GMT" time="0.022" errors="0">
  <testcase name="login" time="0.022" classname="TestNGAnnotatations.Sequence"/>
  <testcase name="addItem" time="0.000" classname="TestNGAnnotatations.Sequence"/>
  <testcase name="logout" time="0.000" classname="TestNGAnnotatations.Sequence"/>
</testsuite> <!-- TestNGAnnotatations.Sequence -->
