<?xml version="1.0" encoding="UTF-8"?>
<!-- Generated by org.testng.reporters.JUnitReportReporter -->
<testsuite name="test.orangeHRM" tests="1" time="11.778" ignored="0" failures="0" timestamp="20 Oct 2023 04:53:22 GMT" skipped="0" hostname="DESKTOP-QNHJ5Q7" errors="0">
  <testcase name="verifyLoginfeature" time="11.778" classname="test.orangeHRM"/>
</testsuite> <!-- test.orangeHRM -->
